<?xml version="1.0" encoding="utf-8"?><testsuites name="pytest tests"><testsuite name="pytest" errors="0" failures="0" skipped="8" tests="23" time="1.509" timestamp="2026-07-03T18:53:00.359149+03:00" hostname="DESKTOP"><testcase classname="tests.api.test_auth_api.TestAuthAPI" name="test_register_success" time="0.510" /><testcase classname="tests.api.test_auth_api.TestAuthAPI" name="test_register_duplicate_username" time="0.005" /><testcase classname="tests.api.test_auth_api.TestAuthAPI" name="test_register_empty_fields" time="0.003" /><testcase classname="tests.api.test_auth_api.TestAuthAPI" name="test_login_success" time="0.005" /><testcase classname="tests.api.test_auth_api.TestAuthAPI" name="test_login_wrong_password" time="0.006" /><testcase classname="tests.api.test_auth_api.TestAuthAPI" name="test_login_unknown_user" time="0.004" /><testcase classname="tests.api.test_student_api.TestStudentAPI" name="test_add_student_success" time="0.006" /><testcase classname="tests.api.test_student_api.TestStudentAPI" name="test_get_students" time="0.007" /><testcase classname="tests.api.test_student_api.TestStudentAPI" name="test_update_student" time="0.008" /><testcase classname="tests.api.test_student_api.TestStudentAPI" name="test_delete_student" time="0.008" /><testcase classname="tests.api.test_student_api.TestStudentAPI" name="test_add_student_invalid_age" time="0.006" /><testcase classname="tests.api.test_student_api.TestStudentAPI" name="test_add_student_invalid_gender" time="0.006" /><testcase classname="tests.api.test_student_api.TestStudentAPI" name="test_add_student_invalid_date" time="0.006" /><testcase classname="tests.api.test_student_api.TestStudentAPI" name="test_update_nonexistent_student" time="0.006" /><testcase classname="tests.api.test_student_api.TestStudentAPI" name="test_token_invalid_after_logout" time="0.007" /><testcase classname="tests.ui.test_add_student.TestAddStudentUI" name="test_add_student_success" time="0.107"><skipped type="pytest.skip" message="Chrome/Chromium не установлен — UI-тесты пропущены">/home/daniil/projects/student-management-tests/tests/ui/test_add_student.py:9: Chrome/Chromium не установлен — UI-тесты пропущены</skipped></testcase><testcase classname="tests.ui.test_add_student.TestAddStudentUI" name="test_add_student_missing_fullname" time="0.108"><skipped type="pytest.skip" message="Chrome/Chromium не установлен — UI-тесты пропущены">/home/daniil/projects/student-management-tests/tests/ui/test_add_student.py:37: Chrome/Chromium не установлен — UI-тесты пропущены</skipped></testcase><testcase classname="tests.ui.test_add_student.TestAddStudentUI" name="test_add_student_invalid_age" time="0.106"><skipped type="pytest.skip" message="Chrome/Chromium не установлен — UI-тесты пропущены">/home/daniil/projects/student-management-tests/tests/ui/test_add_student.py:53: Chrome/Chromium не установлен — UI-тесты пропущены</skipped></testcase><testcase classname="tests.ui.test_add_student.TestAddStudentUI" name="test_add_student_missing_gender" time="0.105"><skipped type="pytest.skip" message="Chrome/Chromium не установлен — UI-тесты пропущены">/home/daniil/projects/student-management-tests/tests/ui/test_add_student.py:67: Chrome/Chromium не установлен — UI-тесты пропущены</skipped></testcase><testcase classname="tests.ui.test_add_student.TestAddStudentUI" name="test_add_student_valid_data_special_chars" time="0.105"><skipped type="pytest.skip" message="Chrome/Chromium не установлен — UI-тесты пропущены">/home/daniil/projects/student-management-tests/tests/ui/test_add_student.py:81: Chrome/Chromium не установлен — UI-тесты пропущены</skipped></testcase><testcase classname="tests.ui.test_auth.TestAuthUI" name="test_login_success" time="0.104"><skipped type="pytest.skip" message="Chrome/Chromium не установлен — UI-тесты пропущены">/home/daniil/projects/student-management-tests/tests/ui/test_auth.py:5: Chrome/Chromium не установлен — UI-тесты пропущены</skipped></testcase><testcase classname="tests.ui.test_auth.TestAuthUI" name="test_login_invalid_password" time="0.109"><skipped type="pytest.skip" message="Chrome/Chromium не установлен — UI-тесты пропущены">/home/daniil/projects/student-management-tests/tests/ui/test_auth.py:11: Chrome/Chromium не установлен — UI-тесты пропущены</skipped></testcase><testcase classname="tests.ui.test_validation.TestValidationUI" name="test_add_student_invalid_date_format" time="0.120"><skipped type="pytest.skip" message="Chrome/Chromium не установлен — UI-тесты пропущены">/home/daniil/projects/student-management-tests/tests/ui/test_validation.py:5: Chrome/Chromium не установлен — UI-тесты пропущены</skipped></testcase></testsuite></testsuites>